Base path: /Applications/Unity/Unity.app/Contents
Pipe name: \\.\pipe\UnityShaderCompiler-64bit-1-2089664896
Cmd: getPlatforms
Cmd: compileSnippet
  api=0 type=0 insize=9591 outsize=6366 kw=UNITY_COLORSPACE_GAMMA ok=1
Cmd: compileSnippet
  api=0 type=1 insize=9591 outsize=6 kw=UNITY_COLORSPACE_GAMMA ok=1
Cmd: preprocess
  insize=204 outsize=204 ok=1
Cmd: preprocess
  insize=1124 outsize=1602 ok=1
Cmd: compileSnippet
  api=0 type=0 insize=6900 outsize=2297 kw=DIRECTIONAL LIGHTMAP_OFF DIRLIGHTMAP_OFF DYNAMICLIGHTMAP_OFF ok=1
Cmd: compileSnippet
  api=0 type=1 insize=6900 outsize=6 kw=DIRECTIONAL LIGHTMAP_OFF DIRLIGHTMAP_OFF DYNAMICLIGHTMAP_OFF ok=1
Cmd: compileSnippet
  api=0 type=0 insize=3713 outsize=1817 kw=POINT ok=1
Cmd: compileSnippet
  api=0 type=1 insize=3713 outsize=6 kw=POINT ok=1
Cmd: compileSnippet
  api=0 type=0 insize=3146 outsize=2426 kw= ok=1
Cmd: compileSnippet
  api=0 type=1 insize=3146 outsize=6 kw= ok=1
Cmd: preprocess
  insize=1130 outsize=1608 ok=1
Cmd: preprocess
  insize=1513 outsize=804 ok=1
Cmd: compileSnippet
  api=0 type=0 insize=1010 outsize=416 kw= ok=1
Cmd: compileSnippet
  api=0 type=1 insize=1010 outsize=6 kw= ok=1
Cmd: preprocess
  insize=1551 outsize=845 ok=1
Cmd: compileSnippet
  api=0 type=0 insize=1008 outsize=416 kw= ok=1
Cmd: compileSnippet
  api=0 type=1 insize=1008 outsize=6 kw= ok=1
Cmd: preprocess
  insize=196 outsize=196 ok=1
Cmd: preprocess
  insize=1574 outsize=868 ok=1
Cmd: preprocess
  insize=1456 outsize=750 ok=1
Cmd: preprocess
  insize=1092 outsize=2082 ok=1
Cmd: compileSnippet
  api=0 type=0 insize=7030 outsize=2404 kw=DIRECTIONAL SHADOWS_OFF LIGHTMAP_OFF DIRLIGHTMAP_OFF DYNAMICLIGHTMAP_OFF ok=1
Cmd: compileSnippet
  api=0 type=1 insize=7030 outsize=6 kw=DIRECTIONAL SHADOWS_OFF LIGHTMAP_OFF DIRLIGHTMAP_OFF DYNAMICLIGHTMAP_OFF ok=1
Cmd: compileSnippet
  api=0 type=0 insize=3829 outsize=1924 kw=POINT ok=1
Cmd: compileSnippet
  api=0 type=1 insize=3829 outsize=6 kw=POINT ok=1
Cmd: compileSnippet
  api=0 type=0 insize=3195 outsize=1377 kw= ok=1
Cmd: compileSnippet
  api=0 type=1 insize=3195 outsize=6 kw= ok=1
Cmd: compileSnippet
  api=0 type=0 insize=6170 outsize=2837 kw=LIGHTMAP_OFF DIRLIGHTMAP_OFF DYNAMICLIGHTMAP_OFF HDR_LIGHT_PREPASS_OFF ok=1
Cmd: compileSnippet
  api=0 type=1 insize=6170 outsize=6 kw=LIGHTMAP_OFF DIRLIGHTMAP_OFF DYNAMICLIGHTMAP_OFF HDR_LIGHT_PREPASS_OFF ok=1
Cmd: compileSnippet
  api=0 type=0 insize=6114 outsize=2713 kw=LIGHTMAP_OFF DIRLIGHTMAP_OFF DYNAMICLIGHTMAP_OFF HDR_LIGHT_PREPASS_OFF ok=1
Cmd: compileSnippet
  api=0 type=1 insize=6114 outsize=6 kw=LIGHTMAP_OFF DIRLIGHTMAP_OFF DYNAMICLIGHTMAP_OFF HDR_LIGHT_PREPASS_OFF ok=1
Cmd: compileSnippet
  api=0 type=0 insize=3218 outsize=2533 kw= ok=1
Cmd: compileSnippet
  api=0 type=1 insize=3218 outsize=6 kw= ok=1
Cmd: preprocess
  insize=1328 outsize=540 ok=1
Cmd: compileSnippet
  api=0 type=0 insize=1090 outsize=540 kw= ok=1
Cmd: compileSnippet
  api=0 type=1 insize=1090 outsize=6 kw= ok=1
Cmd: preprocess
  insize=1093 outsize=363 ok=1
Cmd: compileSnippet
  api=0 type=0 insize=1030 outsize=699 kw= ok=1
Cmd: compileSnippet
  api=0 type=1 insize=1030 outsize=6 kw= ok=1
Cmd: preprocess
  insize=950 outsize=1953 ok=1
Cmd: compileSnippet
  api=0 type=0 insize=6952 outsize=2338 kw=DIRECTIONAL SHADOWS_OFF LIGHTMAP_OFF DIRLIGHTMAP_OFF DYNAMICLIGHTMAP_OFF ok=1
Cmd: compileSnippet
  api=0 type=1 insize=6952 outsize=6 kw=DIRECTIONAL SHADOWS_OFF LIGHTMAP_OFF DIRLIGHTMAP_OFF DYNAMICLIGHTMAP_OFF ok=1
Cmd: compileSnippet
  api=0 type=0 insize=3764 outsize=1818 kw=POINT ok=1
Cmd: compileSnippet
  api=0 type=1 insize=3764 outsize=6 kw=POINT ok=1
Cmd: compileSnippet
  api=0 type=0 insize=2848 outsize=965 kw= ok=1
Cmd: compileSnippet
  api=0 type=1 insize=2848 outsize=6 kw= ok=1
Cmd: compileSnippet
  api=0 type=0 insize=6091 outsize=2731 kw=LIGHTMAP_OFF DIRLIGHTMAP_OFF DYNAMICLIGHTMAP_OFF HDR_LIGHT_PREPASS_OFF ok=1
Cmd: compileSnippet
  api=0 type=1 insize=6091 outsize=6 kw=LIGHTMAP_OFF DIRLIGHTMAP_OFF DYNAMICLIGHTMAP_OFF HDR_LIGHT_PREPASS_OFF ok=1
Cmd: compileSnippet
  api=0 type=0 insize=6045 outsize=2690 kw=LIGHTMAP_OFF DIRLIGHTMAP_OFF DYNAMICLIGHTMAP_OFF HDR_LIGHT_PREPASS_OFF ok=1
Cmd: compileSnippet
  api=0 type=1 insize=6045 outsize=6 kw=LIGHTMAP_OFF DIRLIGHTMAP_OFF DYNAMICLIGHTMAP_OFF HDR_LIGHT_PREPASS_OFF ok=1
Cmd: compileSnippet
  api=0 type=0 insize=3113 outsize=2382 kw= ok=1
Cmd: compileSnippet
  api=0 type=1 insize=3113 outsize=6 kw= ok=1
Cmd: preprocess
  insize=1862 outsize=1031 ok=1
Cmd: compileSnippet
  api=0 type=0 insize=1133 outsize=579 kw= ok=1
Cmd: compileSnippet
  api=0 type=1 insize=1133 outsize=6 kw= ok=1
Cmd: preprocess
  insize=1565 outsize=860 ok=1
Cmd: compileSnippet
  api=0 type=0 insize=1007 outsize=416 kw= ok=1
Cmd: compileSnippet
  api=0 type=1 insize=1007 outsize=6 kw= ok=1
Cmd: compileSnippet
  api=0 type=0 insize=541 outsize=1880 kw=SHADOWS_DEPTH ok=1
Cmd: compileSnippet
  api=0 type=1 insize=541 outsize=6 kw=SHADOWS_DEPTH ok=1
Cmd: compileSnippet
  api=0 type=0 insize=7025 outsize=2691 kw=DIRECTIONAL SHADOWS_OFF LIGHTMAP_OFF DIRLIGHTMAP_OFF DYNAMICLIGHTMAP_OFF ok=1
Cmd: compileSnippet
  api=0 type=1 insize=7025 outsize=6 kw=DIRECTIONAL SHADOWS_OFF LIGHTMAP_OFF DIRLIGHTMAP_OFF DYNAMICLIGHTMAP_OFF ok=1
Cmd: compileSnippet
  api=0 type=0 insize=3820 outsize=1852 kw=DIRECTIONAL ok=1
Cmd: compileSnippet
  api=0 type=1 insize=3820 outsize=6 kw=DIRECTIONAL ok=1
Cmd: compileSnippet
  api=0 type=0 insize=990 outsize=450 kw= ok=1
Cmd: compileSnippet
  api=0 type=1 insize=990 outsize=6 kw= ok=1
Cmd: compileSnippet
  api=0 type=0 insize=6946 outsize=2643 kw=DIRECTIONAL LIGHTMAP_OFF DIRLIGHTMAP_OFF DYNAMICLIGHTMAP_OFF ok=1
Cmd: compileSnippet
  api=0 type=1 insize=6946 outsize=6 kw=DIRECTIONAL LIGHTMAP_OFF DIRLIGHTMAP_OFF DYNAMICLIGHTMAP_OFF ok=1
Cmd: compileSnippet
  api=0 type=0 insize=3742 outsize=1804 kw=DIRECTIONAL ok=1
Cmd: compileSnippet
  api=0 type=1 insize=3742 outsize=6 kw=DIRECTIONAL ok=1
Cmd: compileSnippet
  api=0 type=0 insize=751 outsize=1880 kw=SHADOWS_DEPTH ok=1
Cmd: compileSnippet
  api=0 type=1 insize=751 outsize=6 kw=SHADOWS_DEPTH ok=1
Cmd: compileSnippet
  api=0 type=0 insize=982 outsize=9749 kw=DIRECTIONAL SHADOWS_OFF LIGHTMAP_OFF DIRLIGHTMAP_OFF DYNAMICLIGHTMAP_OFF ok=1
Cmd: compileSnippet
  api=0 type=1 insize=982 outsize=6 kw=DIRECTIONAL SHADOWS_OFF LIGHTMAP_OFF DIRLIGHTMAP_OFF DYNAMICLIGHTMAP_OFF ok=1
Cmd: compileSnippet
  api=0 type=0 insize=938 outsize=5621 kw=DIRECTIONAL SHADOWS_OFF ok=1
Cmd: compileSnippet
  api=0 type=1 insize=938 outsize=6 kw=DIRECTIONAL SHADOWS_OFF ok=1
Cmd: compileSnippet
  api=0 type=0 insize=6810 outsize=2287 kw=DIRECTIONAL SHADOWS_OFF LIGHTMAP_OFF DIRLIGHTMAP_OFF DYNAMICLIGHTMAP_OFF ok=1
Cmd: compileSnippet
  api=0 type=1 insize=6810 outsize=6 kw=DIRECTIONAL SHADOWS_OFF LIGHTMAP_OFF DIRLIGHTMAP_OFF DYNAMICLIGHTMAP_OFF ok=1
Cmd: compileSnippet
  api=0 type=0 insize=1482 outsize=496 kw=SOFTPARTICLES_OFF ok=1
Cmd: compileSnippet
  api=0 type=1 insize=1482 outsize=6 kw=SOFTPARTICLES_OFF ok=1
Cmd: compileSnippet
  api=0 type=0 insize=1705 outsize=528 kw=SOFTPARTICLES_OFF ok=1
Cmd: compileSnippet
  api=0 type=1 insize=1705 outsize=6 kw=SOFTPARTICLES_OFF ok=1
